[debug] [2024-04-06T07:02:45.093Z] ----------------------------------------------------------------------
[debug] [2024-04-06T07:02:45.096Z] Command:       C:\Program Files\nodejs\node.exe C:\Users\User\AppData\Roaming\npm\node_modules\firebase-tools\lib\bin\firebase.js init
[debug] [2024-04-06T07:02:45.096Z] CLI Version:   13.7.1
[debug] [2024-04-06T07:02:45.096Z] Platform:      win32
[debug] [2024-04-06T07:02:45.097Z] Node Version:  v20.10.0
[debug] [2024-04-06T07:02:45.097Z] Time:          Sat Apr 06 2024 01:02:45 GMT-0600 (Central Standard Time)
[debug] [2024-04-06T07:02:45.097Z] ----------------------------------------------------------------------
[debug] 
[debug] [2024-04-06T07:02:45.100Z] >>> [apiv2][query] GET https://firebase-public.firebaseio.com/cli.json [none]
[debug] [2024-04-06T07:02:45.162Z] > command requires scopes: ["email","openid","https://www.googleapis.com/auth/cloudplatformprojects.readonly","https://www.googleapis.com/auth/firebase","https://www.googleapis.com/auth/cloud-platform"]
[debug] [2024-04-06T07:02:45.163Z] > authorizing via signed-in user (anaramirezvazquez9595@gmail.com)
[info] 
     ######## #### ########  ######## ########     ###     ######  ########
     ##        ##  ##     ## ##       ##     ##  ##   ##  ##       ##
     ######    ##  ########  ######   ########  #########  ######  ######
     ##        ##  ##    ##  ##       ##     ## ##     ##       ## ##
     ##       #### ##     ## ######## ########  ##     ##  ######  ########

You're about to initialize a Firebase project in this directory:

  C:\Users\User\Desktop\netfix-clon\netflis

[debug] [2024-04-06T07:02:45.519Z] <<< [apiv2][status] GET https://firebase-public.firebaseio.com/cli.json 200
[debug] [2024-04-06T07:02:45.520Z] <<< [apiv2][body] GET https://firebase-public.firebaseio.com/cli.json {"cloudBuildErrorAfter":1594252800000,"cloudBuildWarnAfter":1590019200000,"defaultNode10After":1594252800000,"minVersion":"3.0.5","node8DeploysDisabledAfter":1613390400000,"node8RuntimeDisabledAfter":1615809600000,"node8WarnAfter":1600128000000}
